<?xml version="1.0" encoding="UTF-8"?>
<!-- Generated by org.testng.reporters.JUnitReportReporter -->
<testsuite skipped="0" hostname="192-168-1-19.tpgi.com.au" name="com.testingfoo.tests.FirstTest" tests="1" failures="0" timestamp="05 Jul 2019 06:46:30 GMT" time="0.017" errors="0">
  <testcase name="test" time="0.017" classname="com.testingfoo.tests.FirstTest"/>
</testsuite> <!-- com.testingfoo.tests.FirstTest -->
